<?xml version="1.0" encoding="UTF-8"?>
<!-- Generated by org.testng.reporters.JUnitReportReporter -->
<testsuite hostname="DESKTOP-631K77G" failures="0" tests="2" name="com.qa.TestCases.ProductNservicePageTest" time="7.285" errors="0" timestamp="2019-03-22T13:16:11 CDT" skipped="1">
  <testcase classname="com.qa.TestCases.ProductNservicePageTest" name="ProNservicePageTitileTest" time="7.285"/>
  <testcase classname="com.qa.TestCases.ProductNservicePageTest" name="CreatNewProductTest" time="0.000">
    <skipped/>
  </testcase> <!-- CreatNewProductTest -->
</testsuite> <!-- com.qa.TestCases.ProductNservicePageTest -->
