<?xml version="1.0" encoding="UTF-8"?>
<!-- Generated by org.testng.reporters.JUnitReportReporter -->
<testsuite hostname="DESKTOP-631K77G" failures="0" tests="3" name="com.qa.TestCases.LoginPageTest" time="15.377" errors="0" timestamp="2019-03-18T02:05:20 CDT" skipped="0">
  <testcase classname="com.qa.TestCases.LoginPageTest" name="LoginTest" time="6.064"/>
  <testcase classname="com.qa.TestCases.LoginPageTest" name="verifylogo" time="4.657"/>
  <testcase classname="com.qa.TestCases.LoginPageTest" name="LoginPageTitleTest" time="4.656"/>
</testsuite> <!-- com.qa.TestCases.LoginPageTest -->
