<?xml version="1.0" encoding="UTF-8"?>
<!-- Generated by org.testng.reporters.JUnitReportReporter -->
<testsuite hostname="DESKTOP-631K77G" failures="0" tests="3" name="com.qa.TestCases.LoginPageTest" time="16.936" errors="0" timestamp="2019-03-22T13:16:11 CDT" skipped="0">
  <testcase classname="com.qa.TestCases.LoginPageTest" name="LoginTest" time="7.108"/>
  <testcase classname="com.qa.TestCases.LoginPageTest" name="verifylogo" time="4.849"/>
  <testcase classname="com.qa.TestCases.LoginPageTest" name="LoginPageTitleTest" time="4.979"/>
</testsuite> <!-- com.qa.TestCases.LoginPageTest -->
