<?xml version="1.0" encoding="UTF-8"?>
<!-- Generated by org.testng.reporters.JUnitReportReporter -->
<testsuite hostname="DESKTOP-631K77G" failures="0" tests="2" name="com.qa.TestCases.HomePageTest" time="12.580" errors="0" timestamp="2019-03-18T02:05:20 CDT" skipped="0">
  <testcase classname="com.qa.TestCases.HomePageTest" name="HomePageTitleTest" time="6.333"/>
  <testcase classname="com.qa.TestCases.HomePageTest" name="userNameLableTest" time="6.247"/>
</testsuite> <!-- com.qa.TestCases.HomePageTest -->
