<?xml version="1.0" encoding="UTF-8"?>
<!-- Generated by org.testng.reporters.JUnitReportReporter -->
<testsuite hostname="DESKTOP-631K77G" failures="0" tests="3" name="com.qa.TestCases.CrmPageTest" time="23.523" errors="0" timestamp="2019-03-18T02:05:20 CDT" skipped="0">
  <testcase classname="com.qa.TestCases.CrmPageTest" name="clickOnAddContactTest" time="7.273"/>
  <testcase classname="com.qa.TestCases.CrmPageTest" name="CreateNewContactTest" time="9.332"/>
  <testcase classname="com.qa.TestCases.CrmPageTest" name="crmPageTitleTest" time="6.918"/>
</testsuite> <!-- com.qa.TestCases.CrmPageTest -->
