<?xml version="1.0" encoding="UTF-8"?>
<!-- Generated by org.testng.reporters.JUnitReportReporter -->
<testsuite hostname="DESKTOP-631K77G" failures="0" tests="2" name="com.qa.TestCases.HomePageTest" time="12.919" errors="0" timestamp="2019-03-22T13:16:11 CDT" skipped="0">
  <testcase classname="com.qa.TestCases.HomePageTest" name="HomePageTitleTest" time="6.707"/>
  <testcase classname="com.qa.TestCases.HomePageTest" name="userNameLableTest" time="6.212"/>
</testsuite> <!-- com.qa.TestCases.HomePageTest -->
