<?xml version="1.0" encoding="UTF-8"?>
<!-- Generated by org.testng.reporters.JUnitReportReporter -->
<testsuite hostname="DESKTOP-631K77G" failures="0" tests="3" name="com.qa.TestCases.CrmPageTest" time="25.714" errors="0" timestamp="2019-03-22T13:16:11 CDT" skipped="0">
  <testcase classname="com.qa.TestCases.CrmPageTest" name="clickOnAddContactTest" time="7.998"/>
  <testcase classname="com.qa.TestCases.CrmPageTest" name="CreateNewContactTest" time="8.443"/>
  <testcase classname="com.qa.TestCases.CrmPageTest" name="crmPageTitleTest" time="9.273"/>
</testsuite> <!-- com.qa.TestCases.CrmPageTest -->
