<?xml version="1.0" encoding="UTF-8"?>
<!-- Generated by org.testng.reporters.JUnitReportReporter -->
<testsuite hostname="DESKTOP-631K77G" failures="0" tests="3" name="com.qa.TestCases.LoginPageTest" time="19.302" errors="0" timestamp="17 Mar 2019 16:40:36 GMT" skipped="0">
  <testcase classname="com.qa.TestCases.LoginPageTest" name="LoginTest" time="9.817"/>
  <testcase classname="com.qa.TestCases.LoginPageTest" name="verifylogo" time="4.751"/>
  <testcase classname="com.qa.TestCases.LoginPageTest" name="LoginPageTitleTest" time="4.734"/>
</testsuite> <!-- com.qa.TestCases.LoginPageTest -->
