<?xml version="1.0" encoding="UTF-8"?>
<!-- Generated by org.testng.reporters.JUnitReportReporter -->
<testsuite hostname="DESKTOP-631K77G" failures="0" tests="3" name="com.qa.TestCases.LoginPageTest" time="18.233" errors="0" timestamp="21 Mar 2019 21:09:02 GMT" skipped="0">
  <testcase classname="com.qa.TestCases.LoginPageTest" name="LoginTest" time="7.297"/>
  <testcase classname="com.qa.TestCases.LoginPageTest" name="verifylogo" time="6.061"/>
  <testcase classname="com.qa.TestCases.LoginPageTest" name="LoginPageTitleTest" time="4.875"/>
</testsuite> <!-- com.qa.TestCases.LoginPageTest -->
