<?xml version="1.0" encoding="UTF-8"?>
<!-- Generated by org.testng.reporters.JUnitReportReporter -->
<testsuite hostname="DESKTOP-631K77G" failures="0" tests="5" name="com.qa.TestCases.ProductNservicePageTest" time="50.244" errors="0" timestamp="14 Mar 2019 07:31:08 GMT" skipped="0">
  <testcase classname="com.qa.TestCases.ProductNservicePageTest" name="ProNservicePageTitileTest" time="6.945"/>
  <testcase classname="com.qa.TestCases.ProductNservicePageTest" name="CreatNewProductTest" time="9.607"/>
  <testcase classname="com.qa.TestCases.ProductNservicePageTest" name="CreatNewProductTest" time="10.306"/>
  <testcase classname="com.qa.TestCases.ProductNservicePageTest" name="CreatNewProductTest" time="13.607"/>
  <testcase classname="com.qa.TestCases.ProductNservicePageTest" name="CreatNewProductTest" time="9.779"/>
</testsuite> <!-- com.qa.TestCases.ProductNservicePageTest -->
