<?xml version="1.0" encoding="UTF-8"?>
<!-- Generated by org.testng.reporters.JUnitReportReporter -->
<testsuite hostname="DESKTOP-631K77G" failures="0" tests="3" name="com.qa.TestCases.CrmPageTest" time="23.135" errors="0" timestamp="13 Mar 2019 01:42:53 GMT" skipped="0">
  <testcase classname="com.qa.TestCases.CrmPageTest" name="clickOnAddContactTest" time="8.049"/>
  <testcase classname="com.qa.TestCases.CrmPageTest" name="CreateNewContactTest" time="7.439"/>
  <testcase classname="com.qa.TestCases.CrmPageTest" name="crmPageTitleTest" time="7.647"/>
</testsuite> <!-- com.qa.TestCases.CrmPageTest -->
