<?xml version="1.0" encoding="UTF-8"?>
<!-- Generated by org.testng.reporters.JUnitReportReporter -->
<testsuite hostname="DESKTOP-631K77G" failures="0" tests="2" name="com.qa.TestCases.HomePageTest" time="13.954" errors="0" timestamp="13 Mar 2019 03:32:19 GMT" skipped="0">
  <testcase classname="com.qa.TestCases.HomePageTest" name="HomePageTitleTest" time="6.768"/>
  <testcase classname="com.qa.TestCases.HomePageTest" name="userNameLableTest" time="7.186"/>
</testsuite> <!-- com.qa.TestCases.HomePageTest -->
